<?xml version="1.0" encoding="utf-8"?><testsuites name="pytest tests"><testsuite name="pytest" errors="0" failures="0" skipped="0" tests="19" time="3.619" timestamp="2026-02-20T10:51:50.430622+00:00" hostname="agent-env-eaf93af0-f531-44df-a582-bbf0f12d8331"><testcase classname="backend.tests.test_survey_api.TestHealthCheck" name="test_api_root" time="0.174" /><testcase classname="backend.tests.test_survey_api.TestCascadingDropdowns" name="test_get_branches" time="0.106" /><testcase classname="backend.tests.test_survey_api.TestCascadingDropdowns" name="test_get_sections_by_branch" time="0.210" /><testcase classname="backend.tests.test_survey_api.TestCascadingDropdowns" name="test_get_wd_destinations_by_section" time="0.348" /><testcase classname="backend.tests.test_survey_api.TestCascadingDropdowns" name="test_get_dms_ids_by_wd_destination" time="0.413" /><testcase classname="backend.tests.test_survey_api.TestCascadingDropdowns" name="test_get_section_completion" time="0.298" /><testcase classname="backend.tests.test_survey_api.TestAdminAuthentication" name="test_admin_login_success" time="0.124" /><testcase classname="backend.tests.test_survey_api.TestAdminAuthentication" name="test_admin_login_invalid_credentials" time="0.117" /><testcase classname="backend.tests.test_survey_api.TestAdminAuthentication" name="test_admin_login_wrong_password" time="0.112" /><testcase classname="backend.tests.test_survey_api.TestSurveyQuestions" name="test_get_all_questions" time="0.099" /><testcase classname="backend.tests.test_survey_api.TestSurveyQuestions" name="test_questions_have_correct_types" time="0.106" /><testcase classname="backend.tests.test_survey_api.TestSurveyQuestions" name="test_conditional_questions_exist" time="0.099" /><testcase classname="backend.tests.test_survey_api.TestSurveyQuestions" name="test_create_question" time="0.212" /><testcase classname="backend.tests.test_survey_api.TestSurveyQuestions" name="test_delete_question_not_found" time="0.119" /><testcase classname="backend.tests.test_survey_api.TestSurveySubmission" name="test_submit_survey_success" time="0.535" /><testcase classname="backend.tests.test_survey_api.TestAdminResponses" name="test_get_all_responses" time="0.098" /><testcase classname="backend.tests.test_survey_api.TestAdminResponses" name="test_get_responses_with_branch_filter" time="0.193" /><testcase classname="backend.tests.test_survey_api.TestAdminResponses" name="test_get_admin_stats" time="0.096" /><testcase classname="backend.tests.test_survey_api.TestAdminResponses" name="test_export_responses" time="0.110" /></testsuite></testsuites>