<?xml version="1.0" encoding="utf-8"?><testsuites name="pytest tests"><testsuite name="pytest" errors="0" failures="1" skipped="0" tests="19" time="3.948" timestamp="2026-02-20T10:51:08.658018+00:00" hostname="agent-env-eaf93af0-f531-44df-a582-bbf0f12d8331"><testcase classname="backend.tests.test_survey_api.TestHealthCheck" name="test_api_root" time="0.269" /><testcase classname="backend.tests.test_survey_api.TestCascadingDropdowns" name="test_get_branches" time="0.113" /><testcase classname="backend.tests.test_survey_api.TestCascadingDropdowns" name="test_get_sections_by_branch" time="0.233" /><testcase classname="backend.tests.test_survey_api.TestCascadingDropdowns" name="test_get_wd_destinations_by_section" time="0.307" /><testcase classname="backend.tests.test_survey_api.TestCascadingDropdowns" name="test_get_dms_ids_by_wd_destination" time="0.391" /><testcase classname="backend.tests.test_survey_api.TestCascadingDropdowns" name="test_get_section_completion" time="0.478" /><testcase classname="backend.tests.test_survey_api.TestAdminAuthentication" name="test_admin_login_success" time="0.097" /><testcase classname="backend.tests.test_survey_api.TestAdminAuthentication" name="test_admin_login_invalid_credentials" time="0.109" /><testcase classname="backend.tests.test_survey_api.TestAdminAuthentication" name="test_admin_login_wrong_password" time="0.098" /><testcase classname="backend.tests.test_survey_api.TestSurveyQuestions" name="test_get_all_questions" time="0.126" /><testcase classname="backend.tests.test_survey_api.TestSurveyQuestions" name="test_questions_have_correct_types" time="0.102" /><testcase classname="backend.tests.test_survey_api.TestSurveyQuestions" name="test_conditional_questions_exist" time="0.094" /><testcase classname="backend.tests.test_survey_api.TestSurveyQuestions" name="test_create_question" time="0.198" /><testcase classname="backend.tests.test_survey_api.TestSurveyQuestions" name="test_delete_question_not_found" time="0.103"><failure message="assert 520 == 404&#10; +  where 520 = &lt;Response [520]&gt;.status_code">backend/tests/test_survey_api.py:258: in test_delete_question_not_found
    assert response.status_code == 404
E   assert 520 == 404
E    +  where 520 = &lt;Response [520]&gt;.status_code</failure></testcase><testcase classname="backend.tests.test_survey_api.TestSurveySubmission" name="test_submit_survey_success" time="0.523" /><testcase classname="backend.tests.test_survey_api.TestAdminResponses" name="test_get_all_responses" time="0.100" /><testcase classname="backend.tests.test_survey_api.TestAdminResponses" name="test_get_responses_with_branch_filter" time="0.239" /><testcase classname="backend.tests.test_survey_api.TestAdminResponses" name="test_get_admin_stats" time="0.103" /><testcase classname="backend.tests.test_survey_api.TestAdminResponses" name="test_export_responses" time="0.130" /></testsuite></testsuites>